#
# A fatal error has been detected by the Java Runtime Environment:
#
#  Internal Error (0xc0000029), pid=1836, tid=3256
#
# JRE version: 7.0_25-b17
# Java VM: Java HotSpot(TM) Client VM (23.25-b01 mixed mode, sharing windows-x86 )
# Problematic frame:
# C  [ntdll.dll+0x8de35]  RtlTimeToElapsedTimeFields+0x149a1
#
# Failed to write core dump. Minidumps are not enabled by default on client versions of Windows
#
# If you would like to submit a bug report, please visit:
#   http://bugreport.sun.com/bugreport/crash.jsp
# The crash happened outside the Java Virtual Machine in native code.
# See problematic frame for where to report the bug.
#

---------------  T H R E A D  ---------------

Current thread (0x03f1c800):  JavaThread "Thread-1" [_thread_in_native, id=3256, stack(0x01120000,0x01170000)]

siginfo: ExceptionCode=0xc0000029

Registers:
EAX=0x0116ea58, EBX=0x0116f45c, ECX=0x0116eab0, EDX=0x0116e9ec
ESP=0x0116e9fc, EBP=0x0116ed84, ESI=0x0116eda4, EDI=0x00000001
EIP=0x774bde35, EFLAGS=0x00200246

Top of Stack: (sp=0x0116e9fc)
0x0116e9fc:   03fb5430 03f1c928 0116eca4 01dd0464
0x0116ea0c:   01dc29c8 00000000 0116eb00 0116eadc
0x0116ea1c:   729e969d 03f17f20 729e96ca 335ecf18
0x0116ea2c:   000000bb 0116eb08 0116eadc 01dd0464
0x0116ea3c:   01dc29c8 00000000 0116eb00 0116eadc
0x0116ea4c:   0116eadc 01dd0464 01dc29c8 c0000029
0x0116ea5c:   00000001 0116eda4 774bde35 00000000
0x0116ea6c:   00000000 0116eb38 0116eb08 0116eb08 

Instructions: (pc=0x774bde35)
0x774bde15:   d4 fc ff ff 50 c7 85 d4 fc ff ff 29 00 00 c0 89
0x774bde25:   bd d8 fc ff ff 89 b5 dc fc ff ff e8 d3 86 fb ff
0x774bde35:   e9 75 b1 f9 ff 48 48 74 2e 83 a5 e4 fc ff ff 00
0x774bde45:   8d 85 d4 fc ff ff 50 c7 85 d4 fc ff ff 26 00 00 


Register to memory mapping:

EAX=0x0116ea58 is pointing into the stack for thread: 0x03f1c800
EBX=0x0116f45c is pointing into the stack for thread: 0x03f1c800
ECX=0x0116eab0 is pointing into the stack for thread: 0x03f1c800
EDX=0x0116e9ec is pointing into the stack for thread: 0x03f1c800
ESP=0x0116e9fc is pointing into the stack for thread: 0x03f1c800
EBP=0x0116ed84 is pointing into the stack for thread: 0x03f1c800
ESI=0x0116eda4 is pointing into the stack for thread: 0x03f1c800
EDI=0x00000001 is an unknown value


Stack: [0x01120000,0x01170000],  sp=0x0116e9fc,  free space=314k
Native frames: (J=compiled Java code, j=interpreted, Vv=VM code, C=native code)
C  [ntdll.dll+0x8de35]  RtlTimeToElapsedTimeFields+0x149a1

Java frames: (J=compiled Java code, j=interpreted, Vv=VM code)
j  sun.font.T2KFontScaler.getGlyphImageNative(Lsun/font/Font2D;JJI)J+0
j  sun.font.T2KFontScaler.getGlyphImage(JI)J+26
j  sun.font.FileFont.getGlyphImage(JI)J+6
j  sun.font.FileFontStrike.getGlyphImagePtr(I)J+115
j  sun.font.FileFontStrike.getGlyphAdvance(IZ)F+240
j  sun.font.FileFontStrike.getGlyphAdvance(I)F+3
j  sun.font.FileFontStrike.getCodePointAdvance(I)F+9
J  sun.font.FontDesignMetrics.stringWidth(Ljava/lang/String;)I
j  com.gamesbykevin.minesweeper.main.Main.renderCounter(Ljava/awt/Graphics;)V+40
j  com.gamesbykevin.minesweeper.main.Main.renderImage()V+66
J  com.gamesbykevin.minesweeper.main.Main.run()V
v  ~StubRoutines::call_stub

---------------  P R O C E S S  ---------------

Java Threads: ( => current thread )
  0x03f82400 JavaThread "Image Fetcher 3" daemon [_thread_blocked, id=3780, stack(0x052a0000,0x052f0000)]
  0x006ca400 JavaThread "DestroyJavaVM" [_thread_blocked, id=3288, stack(0x00410000,0x00460000)]
  0x03f1e800 JavaThread "AWT-EventQueue-0" [_thread_blocked, id=780, stack(0x041e0000,0x04230000)]
=>0x03f1c800 JavaThread "Thread-1" [_thread_in_native, id=3256, stack(0x01120000,0x01170000)]
  0x03e9dc00 JavaThread "AWT-Shutdown" [_thread_blocked, id=1816, stack(0x042b0000,0x04300000)]
  0x03e9b000 JavaThread "Java2D Disposer" daemon [_thread_blocked, id=2444, stack(0x04190000,0x041e0000)]
  0x00c81000 JavaThread "Service Thread" daemon [_thread_blocked, id=2780, stack(0x01000000,0x01050000)]
  0x00c7bc00 JavaThread "C1 CompilerThread0" daemon [_thread_blocked, id=3852, stack(0x010b0000,0x01100000)]
  0x00c7a800 JavaThread "Attach Listener" daemon [_thread_blocked, id=1556, stack(0x00ec0000,0x00f10000)]
  0x00c77400 JavaThread "Signal Dispatcher" daemon [_thread_blocked, id=3396, stack(0x00f10000,0x00f60000)]
  0x00c67000 JavaThread "Finalizer" daemon [_thread_blocked, id=1704, stack(0x00d30000,0x00d80000)]
  0x00c61c00 JavaThread "Reference Handler" daemon [_thread_blocked, id=204, stack(0x00e40000,0x00e90000)]

Other Threads:
  0x00c60400 VMThread [stack: 0x00dc0000,0x00e10000] [id=3740]
  0x00c93c00 WatcherThread [stack: 0x03e30000,0x03e80000] [id=2720]

VM state:not at safepoint (normal execution)

VM Mutex/Monitor currently owned by a thread: None

Heap
 def new generation   total 4928K, used 4248K [0x23470000, 0x239c0000, 0x289c0000)
  eden space 4416K,  84% used [0x23470000, 0x238182d8, 0x238c0000)
  from space 512K,  98% used [0x238c0000, 0x2393e0f8, 0x23940000)
  to   space 512K,   0% used [0x23940000, 0x23940000, 0x239c0000)
 tenured generation   total 10944K, used 4250K [0x289c0000, 0x29470000, 0x33470000)
   the space 10944K,  38% used [0x289c0000, 0x28de6bd0, 0x28de6c00, 0x29470000)
 compacting perm gen  total 12288K, used 1524K [0x33470000, 0x34070000, 0x37470000)
   the space 12288K,  12% used [0x33470000, 0x335ed160, 0x335ed200, 0x34070000)
    ro space 10240K,  45% used [0x37470000, 0x378f9b28, 0x378f9c00, 0x37e70000)
    rw space 12288K,  54% used [0x37e70000, 0x384fd0e8, 0x384fd200, 0x38a70000)

Card table byte_map: [0x006d0000,0x00780000] byte_map_base: 0x005b5c80

Polling page: 0x00260000

Code Cache  [0x01dc0000, 0x01eb8000, 0x03dc0000)
 total_blobs=443 nmethods=216 adapters=162 free_code_cache=31787Kb largest_free_block=32550208

Compilation events (10 events):
Event: 1.938 Thread 0x00c7bc00  209             sun.font.FontDesignMetrics::stringWidth (154 bytes)
Event: 1.938 Thread 0x00c7bc00 nmethod 209 0x01eb3e48 code [0x01eb4020, 0x01eb44fc]
Event: 2.760 Thread 0x00c7bc00  210             java.util.concurrent.locks.AbstractQueuedSynchronizer::getState (5 bytes)
Event: 2.760 Thread 0x00c7bc00 nmethod 210 0x01eb4bc8 code [0x01eb4cc0, 0x01eb4d40]
Event: 3.038 Thread 0x00c7bc00  211             java.awt.image.Raster::getWidth (5 bytes)
Event: 3.038 Thread 0x00c7bc00 nmethod 211 0x01eb4d88 code [0x01eb4e80, 0x01eb4f00]
Event: 3.287 Thread 0x00c7bc00  212             java.awt.image.Raster::getHeight (5 bytes)
Event: 3.288 Thread 0x00c7bc00 nmethod 212 0x01eb4f48 code [0x01eb5040, 0x01eb50c0]
Event: 4.272 Thread 0x00c7bc00  213             java.lang.Number::<init> (5 bytes)
Event: 4.272 Thread 0x00c7bc00 nmethod 213 0x01eb5108 code [0x01eb5200, 0x01eb5280]

GC Heap History (4 events):
Event: 0.424 GC heap before
{Heap before GC invocations=0 (full 0):
 def new generation   total 4928K, used 4112K [0x23470000, 0x239c0000, 0x289c0000)
  eden space 4416K,  93% used [0x23470000, 0x23874220, 0x238c0000)
  from space 512K,   0% used [0x238c0000, 0x238c0000, 0x23940000)
  to   space 512K,   0% used [0x23940000, 0x23940000, 0x239c0000)
 tenured generation   total 10944K, used 0K [0x289c0000, 0x29470000, 0x33470000)
   the space 10944K,   0% used [0x289c0000, 0x289c0000, 0x289c0200, 0x29470000)
 compacting perm gen  total 12288K, used 1311K [0x33470000, 0x34070000, 0x37470000)
   the space 12288K,  10% used [0x33470000, 0x335b7f20, 0x335b8000, 0x34070000)
    ro space 10240K,  45% used [0x37470000, 0x378f9b28, 0x378f9c00, 0x37e70000)
    rw space 12288K,  54% used [0x37e70000, 0x384fd0e8, 0x384fd200, 0x38a70000)
Event: 0.429 GC heap after
Heap after GC invocations=1 (full 0):
 def new generation   total 4928K, used 512K [0x23470000, 0x239c0000, 0x289c0000)
  eden space 4416K,   0% used [0x23470000, 0x23470000, 0x238c0000)
  from space 512K, 100% used [0x23940000, 0x239c0000, 0x239c0000)
  to   space 512K,   0% used [0x238c0000, 0x238c0000, 0x23940000)
 tenured generation   total 10944K, used 1502K [0x289c0000, 0x29470000, 0x33470000)
   the space 10944K,  13% used [0x289c0000, 0x28b37be0, 0x28b37c00, 0x29470000)
 compacting perm gen  total 12288K, used 1311K [0x33470000, 0x34070000, 0x37470000)
   the space 12288K,  10% used [0x33470000, 0x335b7f20, 0x335b8000, 0x34070000)
    ro space 10240K,  45% used [0x37470000, 0x378f9b28, 0x378f9c00, 0x37e70000)
    rw space 12288K,  54% used [0x37e70000, 0x384fd0e8, 0x384fd200, 0x38a70000)
}
Event: 0.503 GC heap before
{Heap before GC invocations=1 (full 0):
 def new generation   total 4928K, used 4928K [0x23470000, 0x239c0000, 0x289c0000)
  eden space 4416K, 100% used [0x23470000, 0x238c0000, 0x238c0000)
  from space 512K, 100% used [0x23940000, 0x239c0000, 0x239c0000)
  to   space 512K,   0% used [0x238c0000, 0x238c0000, 0x23940000)
 tenured generation   total 10944K, used 1502K [0x289c0000, 0x29470000, 0x33470000)
   the space 10944K,  13% used [0x289c0000, 0x28b37be0, 0x28b37c00, 0x29470000)
 compacting perm gen  total 12288K, used 1346K [0x33470000, 0x34070000, 0x37470000)
   the space 12288K,  10% used [0x33470000, 0x335c09a8, 0x335c0a00, 0x34070000)
    ro space 10240K,  45% used [0x37470000, 0x378f9b28, 0x378f9c00, 0x37e70000)
    rw space 12288K,  54% used [0x37e70000, 0x384fd0e8, 0x384fd200, 0x38a70000)
Event: 0.507 GC heap after
Heap after GC invocations=2 (full 0):
 def new generation   total 4928K, used 504K [0x23470000, 0x239c0000, 0x289c0000)
  eden space 4416K,   0% used [0x23470000, 0x23470000, 0x238c0000)
  from space 512K,  98% used [0x238c0000, 0x2393e0f8, 0x23940000)
  to   space 512K,   0% used [0x23940000, 0x23940000, 0x239c0000)
 tenured generation   total 10944K, used 4250K [0x289c0000, 0x29470000, 0x33470000)
   the space 10944K,  38% used [0x289c0000, 0x28de6bd0, 0x28de6c00, 0x29470000)
 compacting perm gen  total 12288K, used 1346K [0x33470000, 0x34070000, 0x37470000)
   the space 12288K,  10% used [0x33470000, 0x335c09a8, 0x335c0a00, 0x34070000)
    ro space 10240K,  45% used [0x37470000, 0x378f9b28, 0x378f9c00, 0x37e70000)
    rw space 12288K,  54% used [0x37e70000, 0x384fd0e8, 0x384fd200, 0x38a70000)
}

Deoptimization events (0 events):
No events

Internal exceptions (10 events):
Event: 1.015 Thread 0x03f1c800 Threw 0x235917c0 at C:\jdk7u2_32P\jdk7u25\hotspot\src\share\vm\prims\jvm.cpp:1235
Event: 1.016 Thread 0x03f1c800 Threw 0x2359a618 at C:\jdk7u2_32P\jdk7u25\hotspot\src\share\vm\prims\jvm.cpp:1235
Event: 1.018 Thread 0x03f1c800 Threw 0x2359e048 at C:\jdk7u2_32P\jdk7u25\hotspot\src\share\vm\prims\jvm.cpp:1235
Event: 1.021 Thread 0x03f1c800 Threw 0x235a2388 at C:\jdk7u2_32P\jdk7u25\hotspot\src\share\vm\prims\jvm.cpp:1235
Event: 1.024 Thread 0x03f1c800 Threw 0x23608bf0 at C:\jdk7u2_32P\jdk7u25\hotspot\src\share\vm\prims\jvm.cpp:1235
Event: 1.026 Thread 0x03f1c800 Threw 0x2360aff8 at C:\jdk7u2_32P\jdk7u25\hotspot\src\share\vm\prims\jvm.cpp:1235
Event: 1.027 Thread 0x03f1c800 Threw 0x2360ec60 at C:\jdk7u2_32P\jdk7u25\hotspot\src\share\vm\prims\jvm.cpp:1235
Event: 1.030 Thread 0x03f1c800 Threw 0x236126b8 at C:\jdk7u2_32P\jdk7u25\hotspot\src\share\vm\prims\jvm.cpp:1235
Event: 4.271 Thread 0x03f1c800 Threw 0x237ff890 at C:\jdk7u2_32P\jdk7u25\hotspot\src\share\vm\prims\jni.cpp:716
Event: 4.272 Thread 0x03f1c800 Threw 0x2380fb68 at C:\jdk7u2_32P\jdk7u25\hotspot\src\share\vm\prims\jni.cpp:716

Events (10 events):
Event: 4.262 Thread 0x05af8c00 Thread exited: 0x05af8c00
Event: 4.271 loading class 0x38adf210
Event: 4.271 loading class 0x38adf210 done
Event: 4.271 loading class 0x03f1b3a0
Event: 4.271 loading class 0x03f1b3a0 done
Event: 4.272 loading class 0x38b11fa0
Event: 4.272 loading class 0x38b11fa0 done
Event: 4.272 loading class 0x38b76860
Event: 4.285 Thread 0x03e9ec00 Thread exited: 0x03e9ec00
Event: 4.303 loading class 0x38b76860 done


Dynamic libraries:
0x01190000 - 0x011bf000 	C:\Program Files\Java\jdk1.7.0_25\jre\bin\java.exe
0x77430000 - 0x7756c000 	C:\Windows\SYSTEM32\ntdll.dll
0x771e0000 - 0x772b4000 	C:\Windows\system32\kernel32.dll
0x757e0000 - 0x7582a000 	C:\Windows\system32\KERNELBASE.dll
0x75e60000 - 0x75f00000 	C:\Windows\system32\ADVAPI32.dll
0x761c0000 - 0x7626c000 	C:\Windows\system32\msvcrt.dll
0x75b60000 - 0x75b79000 	C:\Windows\SYSTEM32\sechost.dll
0x763d0000 - 0x76471000 	C:\Windows\system32\RPCRT4.dll
0x772c0000 - 0x77389000 	C:\Windows\system32\USER32.dll
0x75be0000 - 0x75c2e000 	C:\Windows\system32\GDI32.dll
0x758b0000 - 0x758ba000 	C:\Windows\system32\LPK.dll
0x75ac0000 - 0x75b5d000 	C:\Windows\system32\USP10.dll
0x74230000 - 0x743ce000 	C:\Windows\WinSxS\x86_microsoft.windows.common-controls_6595b64144ccf1df_6.0.7600.16385_none_421189da2b7fabfc\COMCTL32.dll
0x75b80000 - 0x75bd7000 	C:\Windows\system32\SHLWAPI.dll
0x761a0000 - 0x761bf000 	C:\Windows\system32\IMM32.DLL
0x75c30000 - 0x75cfc000 	C:\Windows\system32\MSCTF.dll
0x73100000 - 0x731be000 	C:\Program Files\Java\jdk1.7.0_25\jre\bin\msvcr100.dll
0x72960000 - 0x72ca2000 	C:\Program Files\Java\jdk1.7.0_25\jre\bin\client\jvm.dll
0x731c0000 - 0x731c7000 	C:\Windows\system32\WSOCK32.dll
0x773a0000 - 0x773d5000 	C:\Windows\system32\WS2_32.dll
0x763c0000 - 0x763c6000 	C:\Windows\system32\NSI.dll
0x700f0000 - 0x70122000 	C:\Windows\system32\WINMM.dll
0x763b0000 - 0x763b5000 	C:\Windows\system32\PSAPI.DLL
0x73030000 - 0x7303c000 	C:\Program Files\Java\jdk1.7.0_25\jre\bin\verify.dll
0x73010000 - 0x73030000 	C:\Program Files\Java\jdk1.7.0_25\jre\bin\java.dll
0x72ff0000 - 0x73003000 	C:\Program Files\Java\jdk1.7.0_25\jre\bin\zip.dll
0x6ded0000 - 0x6e014000 	C:\Program Files\Java\jdk1.7.0_25\jre\bin\awt.dll
0x77570000 - 0x775ff000 	C:\Windows\system32\OLEAUT32.dll
0x75d00000 - 0x75e5c000 	C:\Windows\system32\ole32.dll
0x73ca0000 - 0x73cb3000 	C:\Windows\system32\DWMAPI.DLL
0x74060000 - 0x740a0000 	C:\Windows\system32\uxtheme.dll
0x754d0000 - 0x754dc000 	C:\Windows\system32\CRYPTBASE.dll
0x76480000 - 0x770c9000 	C:\Windows\system32\SHELL32.dll
0x6de90000 - 0x6dec1000 	C:\Program Files\Java\jdk1.7.0_25\jre\bin\fontmanager.dll
0x75000000 - 0x75016000 	C:\Windows\system32\CRYPTSP.dll
0x74da0000 - 0x74ddb000 	C:\Windows\system32\rsaenh.dll
0x74be0000 - 0x74bf7000 	C:\Windows\system32\USERENV.dll
0x75580000 - 0x7558b000 	C:\Windows\system32\profapi.dll
0x6e020000 - 0x6e034000 	C:\Program Files\Java\jdk1.7.0_25\jre\bin\net.dll
0x74fc0000 - 0x74ffc000 	C:\Windows\system32\mswsock.dll
0x74fb0000 - 0x74fb6000 	C:\Windows\System32\wship6.dll
0x740b0000 - 0x740c0000 	C:\Windows\system32\NLAapi.dll
0x74e80000 - 0x74ec4000 	C:\Windows\system32\DNSAPI.dll
0x72fe0000 - 0x72fe8000 	C:\Windows\System32\winrnr.dll
0x72fd0000 - 0x72fe0000 	C:\Windows\system32\napinsp.dll
0x72fb0000 - 0x72fc2000 	C:\Windows\system32\pnrpnsp.dll
0x74a90000 - 0x74a95000 	C:\Windows\System32\wshtcpip.dll
0x74b50000 - 0x74b6c000 	C:\Windows\system32\IPHLPAPI.DLL
0x74b40000 - 0x74b47000 	C:\Windows\system32\WINNSI.DLL
0x70fb0000 - 0x70fb6000 	C:\Windows\system32\rasadhlp.dll
0x73a30000 - 0x73a68000 	C:\Windows\System32\fwpuclnt.dll
0x6f6c0000 - 0x6f6cf000 	C:\Program Files\Java\jdk1.7.0_25\jre\bin\nio.dll
0x74400000 - 0x7440a000 	C:\Program Files\Java\jdk1.7.0_25\jre\bin\jsound.dll
0x736c0000 - 0x736c9000 	C:\Program Files\Java\jdk1.7.0_25\jre\bin\jsoundds.dll
0x73530000 - 0x735a2000 	C:\Windows\system32\DSOUND.dll
0x74570000 - 0x74595000 	C:\Windows\system32\POWRPROF.dll
0x75f00000 - 0x7609d000 	C:\Windows\system32\SETUPAPI.dll
0x75850000 - 0x75877000 	C:\Windows\system32\CFGMGR32.dll
0x75830000 - 0x75842000 	C:\Windows\system32\DEVOBJ.dll
0x74530000 - 0x74569000 	C:\Windows\system32\MMDevAPI.DLL
0x74430000 - 0x74525000 	C:\Windows\system32\PROPSYS.dll
0x6fde0000 - 0x6fe10000 	C:\Windows\system32\wdmaud.drv
0x6fdd0000 - 0x6fdd4000 	C:\Windows\system32\ksuser.dll
0x74420000 - 0x74427000 	C:\Windows\system32\AVRT.dll
0x6fd90000 - 0x6fdc6000 	C:\Windows\system32\AUDIOSES.DLL
0x6fd80000 - 0x6fd88000 	C:\Windows\system32\msacm32.drv
0x6fd60000 - 0x6fd74000 	C:\Windows\system32\MSACM32.dll
0x6fd50000 - 0x6fd57000 	C:\Windows\system32\midimap.dll
0x77150000 - 0x771d3000 	C:\Windows\system32\CLBCatQ.DLL
0x6de60000 - 0x6de90000 	C:\Program Files\Java\jdk1.7.0_25\jre\bin\t2k.dll
0x6de20000 - 0x6de44000 	C:\Program Files\Java\jdk1.7.0_25\jre\bin\dcpr.dll
0x6da00000 - 0x6daeb000 	C:\Windows\system32\dbghelp.dll

VM Arguments:
jvm_args: -Dfile.encoding=UTF-8 -Djava.security.policy=applet.policy 
java_command: StartDesktop
Launcher Type: SUN_STANDARD

Environment Variables:
PATH=C:\Windows\system32;C:\Windows;C:\Windows\System32\Wbem;C:\Windows\System32\WindowsPowerShell\v1.0\
USERNAME=GOD
OS=Windows_NT
PROCESSOR_IDENTIFIER=x86 Family 6 Model 42 Stepping 7, GenuineIntel



---------------  S Y S T E M  ---------------

OS: Windows 7 Build 7600 

CPU:total 4 (4 cores per cpu, 1 threads per core) family 6 model 42 stepping 7, cmov, cx8, fxsr, mmx, sse, sse2, sse3, ssse3, tsc

Memory: 4k page, physical 3145272k(2158740k free), swap 6288780k(5325332k free)

vm_info: Java HotSpot(TM) Client VM (23.25-b01) for windows-x86 JRE (1.7.0_25-b17), built on Jun 21 2013 13:06:48 by "java_re" with unknown MS VC++:1600

time: Sat Dec 21 21:48:57 2013
elapsed time: 4 seconds

